[ 2016-10-25T09:07:51+08:00 ] ::1 /think/__uploadImg/avatar.png
INFO: [ app_init ] --START--
INFO: Run Behavior\BuildLiteBehavior [ RunTime:0.000041s ]
INFO: [ app_init ] --END-- [ RunTime:0.000657s ]
ERR: 无法加载模块:__uploadImg

[ 2016-10-25T09:08:10+08:00 ] ::1 /think/__uploadImg/avatar.png
INFO: [ app_init ] --START--
INFO: Run Behavior\BuildLiteBehavior [ RunTime:0.000043s ]
INFO: [ app_init ] --END-- [ RunTime:0.001025s ]
ERR: 无法加载模块:__uploadImg

[ 2016-10-25T09:08:12+08:00 ] ::1 /think/__uploadImg/avatar.png
INFO: [ app_init ] --START--
INFO: Run Behavior\BuildLiteBehavior [ RunTime:0.000106s ]
INFO: [ app_init ] --END-- [ RunTime:0.000912s ]
ERR: 无法加载模块:__uploadImg

[ 2016-10-25T09:08:14+08:00 ] ::1 /think/__uploadImg/avatar.png
INFO: [ app_init ] --START--
INFO: Run Behavior\BuildLiteBehavior [ RunTime:0.000052s ]
INFO: [ app_init ] --END-- [ RunTime:0.001105s ]
ERR: 无法加载模块:__uploadImg

[ 2016-10-25T09:08:15+08:00 ] ::1 /think/__uploadImg/avatar.png
INFO: [ app_init ] --START--
INFO: Run Behavior\BuildLiteBehavior [ RunTime:0.000046s ]
INFO: [ app_init ] --END-- [ RunTime:0.000754s ]
ERR: 无法加载模块:__uploadImg

[ 2016-10-25T09:08:16+08:00 ] ::1 /think/__uploadImg/avatar.png
INFO: [ app_init ] --START--
INFO: Run Behavior\BuildLiteBehavior [ RunTime:0.000066s ]
INFO: [ app_init ] --END-- [ RunTime:0.002672s ]
ERR: 无法加载模块:__uploadImg

[ 2016-10-25T09:08:17+08:00 ] ::1 /think/__uploadImg/avatar.png
INFO: [ app_init ] --START--
INFO: Run Behavior\BuildLiteBehavior [ RunTime:0.000047s ]
INFO: [ app_init ] --END-- [ RunTime:0.000858s ]
ERR: 无法加载模块:__uploadImg

[ 2016-10-25T09:08:18+08:00 ] ::1 /think/__uploadImg/avatar.png
INFO: [ app_init ] --START--
INFO: Run Behavior\BuildLiteBehavior [ RunTime:0.000027s ]
INFO: [ app_init ] --END-- [ RunTime:0.000449s ]
ERR: 无法加载模块:__uploadImg

[ 2016-10-25T09:08:38+08:00 ] ::1 /think/__uploadImg/avatar.png
INFO: [ app_init ] --START--
INFO: Run Behavior\BuildLiteBehavior [ RunTime:0.000049s ]
INFO: [ app_init ] --END-- [ RunTime:0.000929s ]
ERR: 无法加载模块:__uploadImg

[ 2016-10-25T09:20:55+08:00 ] 127.0.0.1 /__uploadImg/avatar.png
INFO: [ app_init ] --START--
INFO: Run Behavior\BuildLiteBehavior [ RunTime:0.000042s ]
INFO: [ app_init ] --END-- [ RunTime:0.000740s ]
ERR: 无法加载模块:__uploadImg

[ 2016-10-25T09:20:55+08:00 ] 127.0.0.1 /favicon.ico
INFO: [ app_init ] --START--
INFO: Run Behavior\BuildLiteBehavior [ RunTime:0.000047s ]
INFO: [ app_init ] --END-- [ RunTime:0.000772s ]
ERR: 无法加载模块:Favicon

[ 2016-10-25T10:35:23+08:00 ] 127.0.0.1 /__uploadImg/avatar.png
INFO: [ app_init ] --START--
INFO: Run Behavior\BuildLiteBehavior [ RunTime:0.000026s ]
INFO: [ app_init ] --END-- [ RunTime:0.000387s ]
ERR: 无法加载模块:__uploadImg

[ 2016-10-25T11:18:30+08:00 ] 127.0.0.1 /?m=user&c
INFO: [ app_init ] --START--
INFO: Run Behavior\BuildLiteBehavior [ RunTime:0.000027s ]
INFO: [ app_init ] --END-- [ RunTime:0.000452s ]
ERR: 无法加载模块:User

[ 2016-10-25T11:18:51+08:00 ] 127.0.0.1 /?m=user&c=common
INFO: [ app_init ] --START--
INFO: Run Behavior\BuildLiteBehavior [ RunTime:0.000088s ]
INFO: [ app_init ] --END-- [ RunTime:0.000744s ]
ERR: 无法加载模块:User

[ 2016-10-25T11:19:57+08:00 ] 127.0.0.1 /index.php/User/Login/index.html
INFO: [ app_init ] --START--
INFO: Run Behavior\BuildLiteBehavior [ RunTime:0.000022s ]
INFO: [ app_init ] --END-- [ RunTime:0.000373s ]
ERR: 无法加载模块:User

[ 2016-10-25T11:28:47+08:00 ] 127.0.0.1 /__uploadImg/avatar.png
INFO: [ app_init ] --START--
INFO: Run Behavior\BuildLiteBehavior [ RunTime:0.000211s ]
INFO: [ app_init ] --END-- [ RunTime:0.001618s ]
ERR: 无法加载模块:__uploadImg

[ 2016-10-25T11:28:55+08:00 ] 127.0.0.1 /__uploadImg/avatar.png
INFO: [ app_init ] --START--
INFO: Run Behavior\BuildLiteBehavior [ RunTime:0.000044s ]
INFO: [ app_init ] --END-- [ RunTime:0.000703s ]
ERR: 无法加载模块:__uploadImg

[ 2016-10-25T11:29:51+08:00 ] 127.0.0.1 /__uploadImg/avatar.png
INFO: [ app_init ] --START--
INFO: Run Behavior\BuildLiteBehavior [ RunTime:0.000075s ]
INFO: [ app_init ] --END-- [ RunTime:0.001762s ]
ERR: 无法加载模块:__uploadImg

[ 2016-10-25T11:30:17+08:00 ] 127.0.0.1 /__uploadImg/avatar.png
INFO: [ app_init ] --START--
INFO: Run Behavior\BuildLiteBehavior [ RunTime:0.000041s ]
INFO: [ app_init ] --END-- [ RunTime:0.000728s ]
ERR: 无法加载模块:__uploadImg

[ 2016-10-25T11:30:52+08:00 ] 127.0.0.1 /__uploadImg/avatar.png
INFO: [ app_init ] --START--
INFO: Run Behavior\BuildLiteBehavior [ RunTime:0.000038s ]
INFO: [ app_init ] --END-- [ RunTime:0.000582s ]
ERR: 无法加载模块:__uploadImg

[ 2016-10-25T11:30:59+08:00 ] 127.0.0.1 /__uploadImg/avatar.png
INFO: [ app_init ] --START--
INFO: Run Behavior\BuildLiteBehavior [ RunTime:0.000229s ]
INFO: [ app_init ] --END-- [ RunTime:0.003147s ]
ERR: 无法加载模块:__uploadImg

[ 2016-10-25T11:31:10+08:00 ] 127.0.0.1 /__uploadImg/avatar.png
INFO: [ app_init ] --START--
INFO: Run Behavior\BuildLiteBehavior [ RunTime:0.000047s ]
INFO: [ app_init ] --END-- [ RunTime:0.000736s ]
ERR: 无法加载模块:__uploadImg

[ 2016-10-25T11:37:32+08:00 ] 127.0.0.1 /__uploadImg/avatar.png
INFO: [ app_init ] --START--
INFO: Run Behavior\BuildLiteBehavior [ RunTime:0.000050s ]
INFO: [ app_init ] --END-- [ RunTime:0.000860s ]
ERR: 无法加载模块:__uploadImg

